C:\Users\HP\Documents\AdRev\AdRev.Desktop\MainWindow.xaml.cs(206,94): error CS1061: 'ProjectWindow' ne contient pas de d├®finition pour 'Project' et aucune m├®thode d'extension accessible 'Project' acceptant un premier argument de type 'ProjectWindow' n'a ├®t├® trouv├®e (une directive using ou une r├®f├®rence d'assembly est-elle manquante┬á?) [C:\Users\HP\Documents\AdRev\AdRev.Desktop\AdRev.Desktop_onktaem1_wpftmp.csproj]
C:\Users\HP\Documents\AdRev\AdRev.Desktop\ProtocolWindow.xaml.cs(314,143): error CS0117: 'EpidemiologicalStudyType' ne contient pas de d├®finition pour 'CrossSectional' [C:\Users\HP\Documents\AdRev\AdRev.Desktop\AdRev.Desktop_onktaem1_wpftmp.csproj]
C:\Users\HP\Documents\AdRev\AdRev.Desktop\ProtocolWindow.xaml.cs(315,139): error CS0117: 'QualitativeApproach' ne contient pas de d├®finition pour 'Phenomenology' [C:\Users\HP\Documents\AdRev\AdRev.Desktop\AdRev.Desktop_onktaem1_wpftmp.csproj]
C:\Users\HP\Documents\AdRev\AdRev.Desktop\ProtocolWindow.xaml.cs(325,113): error CS0117: 'SamplingType' ne contient pas de d├®finition pour 'Random' [C:\Users\HP\Documents\AdRev\AdRev.Desktop\AdRev.Desktop_onktaem1_wpftmp.csproj]
C:\Users\HP\Documents\AdRev\AdRev.Desktop\ProtocolWindow.xaml.cs(330,98): error CS0266: Impossible de convertir implicitement le type 'double' en 'int'. Une conversion explicite existe (un cast est-il manquant┬á?) [C:\Users\HP\Documents\AdRev\AdRev.Desktop\AdRev.Desktop_onktaem1_wpftmp.csproj]
C:\Users\HP\Documents\AdRev\AdRev.Desktop\ProtocolWindow.xaml.cs(350,22): error CS1061: 'ProtocolService' ne contient pas de d├®finition pour 'SaveProtocol' et aucune m├®thode d'extension accessible 'SaveProtocol' acceptant un premier argument de type 'ProtocolService' n'a ├®t├® trouv├®e (une directive using ou une r├®f├®rence d'assembly est-elle manquante┬á?) [C:\Users\HP\Documents\AdRev\AdRev.Desktop\AdRev.Desktop_onktaem1_wpftmp.csproj]
C:\Users\HP\Documents\AdRev\AdRev.Desktop\ProtocolWindow.xaml.cs(359,36): error CS1061: 'WordExportService' ne contient pas de d├®finition pour 'ExportProtocol' et aucune m├®thode d'extension accessible 'ExportProtocol' acceptant un premier argument de type 'WordExportService' n'a ├®t├® trouv├®e (une directive using ou une r├®f├®rence d'assembly est-elle manquante┬á?) [C:\Users\HP\Documents\AdRev\AdRev.Desktop\AdRev.Desktop_onktaem1_wpftmp.csproj]
C:\Users\HP\Documents\AdRev\AdRev.Desktop\ProtocolWindow.xaml.cs(366,27): error CS7036: Parmi les arguments sp├®cifi├®s, aucun ne correspond au param├¿tre obligatoire 'specificObjectives' de 'DiscussionWindow.DiscussionWindow(StudyType, string, string, string, int, ReferenceStyle)' [C:\Users\HP\Documents\AdRev\AdRev.Desktop\AdRev.Desktop_onktaem1_wpftmp.csproj]
C:\Users\HP\Documents\AdRev\AdRev.Desktop\ProtocolWindow.xaml.cs(460,67): error CS0117: 'SamplingType' ne contient pas de d├®finition pour 'Cluster' [C:\Users\HP\Documents\AdRev\AdRev.Desktop\AdRev.Desktop_onktaem1_wpftmp.csproj]
C:\Users\HP\Documents\AdRev\AdRev.Desktop\VariableDesignerWindow.xaml.cs(346,68): error CS1061: 'StudyVariable' ne contient pas de d├®finition pour 'RecodingInstructions' et aucune m├®thode d'extension accessible 'RecodingInstructions' acceptant un premier argument de type 'StudyVariable' n'a ├®t├® trouv├®e (une directive using ou une r├®f├®rence d'assembly est-elle manquante┬á?) [C:\Users\HP\Documents\AdRev\AdRev.Desktop\AdRev.Desktop_onktaem1_wpftmp.csproj]
C:\Users\HP\Documents\AdRev\AdRev.Desktop\VariableDesignerWindow.xaml.cs(349,34): error CS1061: 'StudyVariable' ne contient pas de d├®finition pour 'RecodingInstructions' et aucune m├®thode d'extension accessible 'RecodingInstructions' acceptant un premier argument de type 'StudyVariable' n'a ├®t├® trouv├®e (une directive using ou une r├®f├®rence d'assembly est-elle manquante┬á?) [C:\Users\HP\Documents\AdRev\AdRev.Desktop\AdRev.Desktop_onktaem1_wpftmp.csproj]
C:\Users\HP\Documents\AdRev\AdRev.Desktop\Views\Project\AnalysisView.xaml.cs(869,67): error CS1061: 'StudyVariable' ne contient pas de d├®finition pour 'RecodingInstructions' et aucune m├®thode d'extension accessible 'RecodingInstructions' acceptant un premier argument de type 'StudyVariable' n'a ├®t├® trouv├®e (une directive using ou une r├®f├®rence d'assembly est-elle manquante┬á?) [C:\Users\HP\Documents\AdRev\AdRev.Desktop\AdRev.Desktop_onktaem1_wpftmp.csproj]
C:\Users\HP\Documents\AdRev\AdRev.Desktop\Views\Project\AnalysisView.xaml.cs(875,37): error CS1061: 'StudyVariable' ne contient pas de d├®finition pour 'RecodingInstructions' et aucune m├®thode d'extension accessible 'RecodingInstructions' acceptant un premier argument de type 'StudyVariable' n'a ├®t├® trouv├®e (une directive using ou une r├®f├®rence d'assembly est-elle manquante┬á?) [C:\Users\HP\Documents\AdRev\AdRev.Desktop\AdRev.Desktop_onktaem1_wpftmp.csproj]
